app/build/intermediates/manifest_merge_blame_file/release/manifest-merger-blame-release-report.txt
1<?xml version="1.0" encoding="utf-8"?>
2<manifest xmlns:android="http://schemas.android.com/apk/res/android"
3    package="com.example.bouncingball"
4    android:versionCode="1"
5    android:versionName="1.0" >
6
7    <uses-sdk
8        android:minSdkVersion="16"
8-->src/main/AndroidManifest.xml
9        android:targetSdkVersion="29" />
9-->src/main/AndroidManifest.xml
10
11    <application
11-->src/main/AndroidManifest.xml:5:5-28:19
12        android:allowBackup="true"
12-->src/main/AndroidManifest.xml:6:9-35
13        android:appComponentFactory="androidx.core.app.CoreComponentFactory"
13-->[androidx.core:core:1.5.0] AndroidManifest.xml:24:18-86
14        android:icon="@mipmap/ic_launcher"
14-->src/main/AndroidManifest.xml:7:9-43
15        android:label="@string/app_name"
15-->src/main/AndroidManifest.xml:8:9-41
16        android:roundIcon="@mipmap/ic_launcher_round"
16-->src/main/AndroidManifest.xml:9:9-54
17        android:supportsRtl="true"
17-->src/main/AndroidManifest.xml:10:9-35
18        android:testOnly="true"
19        android:theme="@style/Theme.AppCompat.NoActionBar" >
19-->src/main/AndroidManifest.xml:11:9-59
20        <activity
20-->src/main/AndroidManifest.xml:12:9-14:39
21            android:name="com.example.bouncingball.activity.Opciones"
21-->src/main/AndroidManifest.xml:13:13-46
22            android:exported="true" />
22-->src/main/AndroidManifest.xml:14:13-36
23        <activity android:name="com.example.bouncingball.activity.Main4Activity" />
23-->src/main/AndroidManifest.xml:15:9-60
23-->src/main/AndroidManifest.xml:15:19-57
24        <activity android:name="com.example.bouncingball.activity.Main3Activity" />
24-->src/main/AndroidManifest.xml:16:9-60
24-->src/main/AndroidManifest.xml:16:19-57
25        <activity android:name="com.example.bouncingball.activity.Main2Activity" />
25-->src/main/AndroidManifest.xml:17:9-60
25-->src/main/AndroidManifest.xml:17:19-57
26        <activity android:name="com.example.bouncingball.activity.MainActivity" />
26-->src/main/AndroidManifest.xml:18:9-59
26-->src/main/AndroidManifest.xml:18:19-56
27        <activity
27-->src/main/AndroidManifest.xml:19:9-27:20
28            android:name="com.example.bouncingball.activity.LoginScreen"
28-->src/main/AndroidManifest.xml:20:13-49
29            android:exported="true" >
29-->src/main/AndroidManifest.xml:21:13-36
30            <intent-filter>
30-->src/main/AndroidManifest.xml:22:13-26:29
31                <action android:name="android.intent.action.MAIN" />
31-->src/main/AndroidManifest.xml:23:17-69
31-->src/main/AndroidManifest.xml:23:25-66
32
33                <category android:name="android.intent.category.LAUNCHER" />
33-->src/main/AndroidManifest.xml:25:17-77
33-->src/main/AndroidManifest.xml:25:27-74
34            </intent-filter>
35        </activity>
36    </application>
37
38</manifest>